<?xml version="1.0" encoding="UTF-8"?>
<testng-results ignored="0" total="1" passed="1" failed="0" skipped="0">
  <reporter-output>
  </reporter-output>
  <suite started-at="2021-09-09T13:37:56 IST" name="Default suite" finished-at="2021-09-09T13:38:15 IST" duration-ms="18741">
    <groups>
    </groups>
    <test started-at="2021-09-09T13:37:56 IST" name="Default test" finished-at="2021-09-09T13:38:15 IST" duration-ms="18741">
      <class name="com.acme.recepits.NewRecepit">
        <test-method is-config="true" signature="openbrowser()[pri:0, instance:com.acme.recepits.NewRecepit@7526515b]" started-at="2021-09-09T13:37:56 IST" name="openbrowser" finished-at="2021-09-09T13:38:05 IST" duration-ms="8620" status="PASS">
          <reporter-output>
          </reporter-output>
        </test-method> <!-- openbrowser -->
        <test-method signature="createnewrecepit()[pri:0, instance:com.acme.recepits.NewRecepit@7526515b]" started-at="2021-09-09T13:38:05 IST" name="createnewrecepit" finished-at="2021-09-09T13:38:14 IST" duration-ms="9923" status="PASS">
          <reporter-output>
          </reporter-output>
        </test-method> <!-- createnewrecepit -->
        <test-method is-config="true" signature="closebrowser()[pri:0, instance:com.acme.recepits.NewRecepit@7526515b]" started-at="2021-09-09T13:38:14 IST" name="closebrowser" finished-at="2021-09-09T13:38:15 IST" duration-ms="145" status="PASS">
          <reporter-output>
          </reporter-output>
        </test-method> <!-- closebrowser -->
      </class> <!-- com.acme.recepits.NewRecepit -->
    </test> <!-- Default test -->
  </suite> <!-- Default suite -->
</testng-results>
